version https://git-lfs.github.com/spec/v1
oid sha256:448bad9bdc8f7a24867dc08643dfef46afc4f96b8dc540b9249adce0766d7e72
size 6020
